# JRE version: OpenJDK Runtime Environment Temurin-21.0.6+7 (21.0.6+7) (build 21.0.6+7-LTS)
# Java VM: OpenJDK 64-Bit Server VM Temurin-21.0.6+7 (21.0.6+7-LTS, mixed mode, sharing, tiered, compressed oops, compressed class ptrs, parallel gc, windows-amd64)
GC Precious Log:
 CardTable entry size: 512
 CPUs: 8 total, 8 available
 Memory: 16149M
 Large Page Support: Disabled
 NUMA Support: Disabled
 Compressed Oops: Enabled (32-bit)
 Alignments: Space 512K, Generation 512K, Heap 2M
 Heap Min Capacity: 100M
 Heap Initial Capacity: 100M
 Heap Max Capacity: 1G
 Pre-touch: Disabled
 Parallel Workers: 8
Heap:
 PSYoungGen      total 6656K, used 1255K [0x00000000eab00000, 0x00000000eb300000, 0x0000000100000000)
  eden space 5120K, 0% used [0x00000000eab00000,0x00000000eab00000,0x00000000eb000000)
  from space 1536K, 81% used [0x00000000eb000000,0x00000000eb139c20,0x00000000eb180000)
  to   space 1536K, 0% used [0x00000000eb180000,0x00000000eb180000,0x00000000eb300000)
 ParOldGen       total 285184K, used 285001K [0x00000000c0000000, 0x00000000d1680000, 0x00000000eab00000)
  object space 285184K, 99% used [0x00000000c0000000,0x00000000d1652730,0x00000000d1680000)
 Metaspace       used 60835K, committed 62016K, reserved 1114112K
  class space    used 6401K, committed 6912K, reserved 1048576K
GC Heap History (20 events):
Event: 58.118 GC heap after
{Heap after GC invocations=180 (full 3):
 PSYoungGen      total 7680K, used 1376K [0x00000000eab00000, 0x00000000eb580000, 0x0000000100000000)
  eden space 6144K, 0% used [0x00000000eab00000,0x00000000eab00000,0x00000000eb100000)
  from space 1536K, 89% used [0x00000000eb100000,0x00000000eb258000,0x00000000eb280000)
  to   space 2048K, 0% used [0x00000000eb380000,0x00000000eb380000,0x00000000eb580000)
 ParOldGen       total 273408K, used 273343K [0x00000000c0000000, 0x00000000d0b00000, 0x00000000eab00000)
  object space 273408K, 99% used [0x00000000c0000000,0x00000000d0aefc48,0x00000000d0b00000)
 Metaspace       used 60487K, committed 61760K, reserved 1114112K
  class space    used 6373K, committed 6912K, reserved 1048576K
}
Event: 58.145 GC heap before
{Heap before GC invocations=181 (full 3):
 PSYoungGen      total 7680K, used 7520K [0x00000000eab00000, 0x00000000eb580000, 0x0000000100000000)
  eden space 6144K, 100% used [0x00000000eab00000,0x00000000eb100000,0x00000000eb100000)
  from space 1536K, 89% used [0x00000000eb100000,0x00000000eb258000,0x00000000eb280000)
  to   space 2048K, 0% used [0x00000000eb380000,0x00000000eb380000,0x00000000eb580000)
 ParOldGen       total 273408K, used 273343K [0x00000000c0000000, 0x00000000d0b00000, 0x00000000eab00000)
  object space 273408K, 99% used [0x00000000c0000000,0x00000000d0aefc48,0x00000000d0b00000)
 Metaspace       used 60515K, committed 61760K, reserved 1114112K
  class space    used 6378K, committed 6912K, reserved 1048576K
}
Event: 58.150 GC heap after
{Heap after GC invocations=181 (full 3):
 PSYoungGen      total 8192K, used 1592K [0x00000000eab00000, 0x00000000eb580000, 0x0000000100000000)
  eden space 6144K, 0% used [0x00000000eab00000,0x00000000eab00000,0x00000000eb100000)
  from space 2048K, 77% used [0x00000000eb380000,0x00000000eb50e150,0x00000000eb580000)
  to   space 2048K, 0% used [0x00000000eb180000,0x00000000eb180000,0x00000000eb380000)
 ParOldGen       total 274944K, used 274593K [0x00000000c0000000, 0x00000000d0c80000, 0x00000000eab00000)
  object space 274944K, 99% used [0x00000000c0000000,0x00000000d0c28698,0x00000000d0c80000)
 Metaspace       used 60515K, committed 61760K, reserved 1114112K
  class space    used 6378K, committed 6912K, reserved 1048576K
}
Event: 58.176 GC heap before
{Heap before GC invocations=182 (full 3):
 PSYoungGen      total 8192K, used 7736K [0x00000000eab00000, 0x00000000eb580000, 0x0000000100000000)
  eden space 6144K, 100% used [0x00000000eab00000,0x00000000eb100000,0x00000000eb100000)
  from space 2048K, 77% used [0x00000000eb380000,0x00000000eb50e150,0x00000000eb580000)
  to   space 2048K, 0% used [0x00000000eb180000,0x00000000eb180000,0x00000000eb380000)
 ParOldGen       total 274944K, used 274593K [0x00000000c0000000, 0x00000000d0c80000, 0x00000000eab00000)
  object space 274944K, 99% used [0x00000000c0000000,0x00000000d0c28698,0x00000000d0c80000)
 Metaspace       used 60583K, committed 61888K, reserved 1114112K
  class space    used 6382K, committed 6912K, reserved 1048576K
}
Event: 58.178 GC heap after
{Heap after GC invocations=182 (full 3):
 PSYoungGen      total 7680K, used 1488K [0x00000000eab00000, 0x00000000eb400000, 0x0000000100000000)
  eden space 6144K, 0% used [0x00000000eab00000,0x00000000eab00000,0x00000000eb100000)
  from space 1536K, 96% used [0x00000000eb180000,0x00000000eb2f4038,0x00000000eb300000)
  to   space 1024K, 0% used [0x00000000eb300000,0x00000000eb300000,0x00000000eb400000)
 ParOldGen       total 276480K, used 276013K [0x00000000c0000000, 0x00000000d0e00000, 0x00000000eab00000)
  object space 276480K, 99% used [0x00000000c0000000,0x00000000d0d8b520,0x00000000d0e00000)
 Metaspace       used 60583K, committed 61888K, reserved 1114112K
  class space    used 6382K, committed 6912K, reserved 1048576K
}
Event: 58.213 GC heap before
{Heap before GC invocations=183 (full 3):
 PSYoungGen      total 7680K, used 7632K [0x00000000eab00000, 0x00000000eb400000, 0x0000000100000000)
  eden space 6144K, 100% used [0x00000000eab00000,0x00000000eb100000,0x00000000eb100000)
  from space 1536K, 96% used [0x00000000eb180000,0x00000000eb2f4038,0x00000000eb300000)
  to   space 1024K, 0% used [0x00000000eb300000,0x00000000eb300000,0x00000000eb400000)
 ParOldGen       total 276480K, used 276013K [0x00000000c0000000, 0x00000000d0e00000, 0x00000000eab00000)
  object space 276480K, 99% used [0x00000000c0000000,0x00000000d0d8b520,0x00000000d0e00000)
 Metaspace       used 60711K, committed 61952K, reserved 1114112K
  class space    used 6394K, committed 6912K, reserved 1048576K
}
Event: 58.216 GC heap after
{Heap after GC invocations=183 (full 3):
 PSYoungGen      total 6144K, used 1015K [0x00000000eab00000, 0x00000000eb700000, 0x0000000100000000)
  eden space 5120K, 0% used [0x00000000eab00000,0x00000000eab00000,0x00000000eb000000)
  from space 1024K, 99% used [0x00000000eb300000,0x00000000eb3fded8,0x00000000eb400000)
  to   space 3072K, 0% used [0x00000000eb000000,0x00000000eb000000,0x00000000eb300000)
 ParOldGen       total 278016K, used 277675K [0x00000000c0000000, 0x00000000d0f80000, 0x00000000eab00000)
  object space 278016K, 99% used [0x00000000c0000000,0x00000000d0f2af50,0x00000000d0f80000)
 Metaspace       used 60711K, committed 61952K, reserved 1114112K
  class space    used 6394K, committed 6912K, reserved 1048576K
}
Event: 58.251 GC heap before
{Heap before GC invocations=184 (full 3):
 PSYoungGen      total 6144K, used 6135K [0x00000000eab00000, 0x00000000eb700000, 0x0000000100000000)
  eden space 5120K, 100% used [0x00000000eab00000,0x00000000eb000000,0x00000000eb000000)
  from space 1024K, 99% used [0x00000000eb300000,0x00000000eb3fded8,0x00000000eb400000)
  to   space 3072K, 0% used [0x00000000eb000000,0x00000000eb000000,0x00000000eb300000)
 ParOldGen       total 278016K, used 277675K [0x00000000c0000000, 0x00000000d0f80000, 0x00000000eab00000)
  object space 278016K, 99% used [0x00000000c0000000,0x00000000d0f2af50,0x00000000d0f80000)
 Metaspace       used 60811K, committed 62016K, reserved 1114112K
  class space    used 6401K, committed 6912K, reserved 1048576K
}
Event: 58.256 GC heap after
{Heap after GC invocations=184 (full 3):
 PSYoungGen      total 6656K, used 1122K [0x00000000eab00000, 0x00000000eb400000, 0x0000000100000000)
  eden space 5120K, 0% used [0x00000000eab00000,0x00000000eab00000,0x00000000eb000000)
  from space 1536K, 73% used [0x00000000eb000000,0x00000000eb118b68,0x00000000eb180000)
  to   space 2048K, 0% used [0x00000000eb200000,0x00000000eb200000,0x00000000eb400000)
 ParOldGen       total 279040K, used 278650K [0x00000000c0000000, 0x00000000d1080000, 0x00000000eab00000)
  object space 279040K, 99% used [0x00000000c0000000,0x00000000d101e808,0x00000000d1080000)
 Metaspace       used 60811K, committed 62016K, reserved 1114112K
  class space    used 6401K, committed 6912K, reserved 1048576K
}
Event: 58.296 GC heap before
{Heap before GC invocations=185 (full 3):
 PSYoungGen      total 6656K, used 6242K [0x00000000eab00000, 0x00000000eb400000, 0x0000000100000000)
  eden space 5120K, 100% used [0x00000000eab00000,0x00000000eb000000,0x00000000eb000000)
  from space 1536K, 73% used [0x00000000eb000000,0x00000000eb118b68,0x00000000eb180000)
  to   space 2048K, 0% used [0x00000000eb200000,0x00000000eb200000,0x00000000eb400000)
 ParOldGen       total 279040K, used 278650K [0x00000000c0000000, 0x00000000d1080000, 0x00000000eab00000)
  object space 279040K, 99% used [0x00000000c0000000,0x00000000d101e808,0x00000000d1080000)
 Metaspace       used 60811K, committed 62016K, reserved 1114112K
  class space    used 6401K, committed 6912K, reserved 1048576K
}
Event: 58.300 GC heap after
{Heap after GC invocations=185 (full 3):
 PSYoungGen      total 6656K, used 1311K [0x00000000eab00000, 0x00000000eb380000, 0x0000000100000000)
  eden space 5120K, 0% used [0x00000000eab00000,0x00000000eab00000,0x00000000eb000000)
  from space 1536K, 85% used [0x00000000eb200000,0x00000000eb347db0,0x00000000eb380000)
  to   space 1536K, 0% used [0x00000000eb000000,0x00000000eb000000,0x00000000eb180000)
 ParOldGen       total 280064K, used 279666K [0x00000000c0000000, 0x00000000d1180000, 0x00000000eab00000)
  object space 280064K, 99% used [0x00000000c0000000,0x00000000d111cb98,0x00000000d1180000)
 Metaspace       used 60811K, committed 62016K, reserved 1114112K
  class space    used 6401K, committed 6912K, reserved 1048576K
}
Event: 58.342 GC heap before
{Heap before GC invocations=186 (full 3):
 PSYoungGen      total 6656K, used 6343K [0x00000000eab00000, 0x00000000eb380000, 0x0000000100000000)
  eden space 5120K, 98% used [0x00000000eab00000,0x00000000eafe9ec0,0x00000000eb000000)
  from space 1536K, 85% used [0x00000000eb200000,0x00000000eb347db0,0x00000000eb380000)
  to   space 1536K, 0% used [0x00000000eb000000,0x00000000eb000000,0x00000000eb180000)
 ParOldGen       total 280064K, used 279666K [0x00000000c0000000, 0x00000000d1180000, 0x00000000eab00000)
  object space 280064K, 99% used [0x00000000c0000000,0x00000000d111cb98,0x00000000d1180000)
 Metaspace       used 60822K, committed 62016K, reserved 1114112K
  class space    used 6401K, committed 6912K, reserved 1048576K
}
Event: 58.346 GC heap after
{Heap after GC invocations=186 (full 3):
 PSYoungGen      total 6656K, used 1169K [0x00000000eab00000, 0x00000000eb300000, 0x0000000100000000)
  eden space 5120K, 0% used [0x00000000eab00000,0x00000000eab00000,0x00000000eb000000)
  from space 1536K, 76% used [0x00000000eb000000,0x00000000eb124510,0x00000000eb180000)
  to   space 1536K, 0% used [0x00000000eb180000,0x00000000eb180000,0x00000000eb300000)
 ParOldGen       total 281088K, used 280756K [0x00000000c0000000, 0x00000000d1280000, 0x00000000eab00000)
  object space 281088K, 99% used [0x00000000c0000000,0x00000000d122d208,0x00000000d1280000)
 Metaspace       used 60822K, committed 62016K, reserved 1114112K
  class space    used 6401K, committed 6912K, reserved 1048576K
}
Event: 58.386 GC heap before
{Heap before GC invocations=187 (full 3):
 PSYoungGen      total 6656K, used 6289K [0x00000000eab00000, 0x00000000eb300000, 0x0000000100000000)
  eden space 5120K, 100% used [0x00000000eab00000,0x00000000eb000000,0x00000000eb000000)
  from space 1536K, 76% used [0x00000000eb000000,0x00000000eb124510,0x00000000eb180000)
  to   space 1536K, 0% used [0x00000000eb180000,0x00000000eb180000,0x00000000eb300000)
 ParOldGen       total 281088K, used 280756K [0x00000000c0000000, 0x00000000d1280000, 0x00000000eab00000)
  object space 281088K, 99% used [0x00000000c0000000,0x00000000d122d208,0x00000000d1280000)
 Metaspace       used 60828K, committed 62016K, reserved 1114112K
  class space    used 6401K, committed 6912K, reserved 1048576K
}
Event: 58.391 GC heap after
{Heap after GC invocations=187 (full 3):
 PSYoungGen      total 6656K, used 1184K [0x00000000eab00000, 0x00000000eb300000, 0x0000000100000000)
  eden space 5120K, 0% used [0x00000000eab00000,0x00000000eab00000,0x00000000eb000000)
  from space 1536K, 77% used [0x00000000eb180000,0x00000000eb2a8250,0x00000000eb300000)
  to   space 1536K, 0% used [0x00000000eb000000,0x00000000eb000000,0x00000000eb180000)
 ParOldGen       total 282112K, used 281771K [0x00000000c0000000, 0x00000000d1380000, 0x00000000eab00000)
  object space 282112K, 99% used [0x00000000c0000000,0x00000000d132ac70,0x00000000d1380000)
 Metaspace       used 60828K, committed 62016K, reserved 1114112K
  class space    used 6401K, committed 6912K, reserved 1048576K
}
Event: 58.427 GC heap before
{Heap before GC invocations=188 (full 3):
 PSYoungGen      total 6656K, used 6304K [0x00000000eab00000, 0x00000000eb300000, 0x0000000100000000)
  eden space 5120K, 100% used [0x00000000eab00000,0x00000000eb000000,0x00000000eb000000)
  from space 1536K, 77% used [0x00000000eb180000,0x00000000eb2a8250,0x00000000eb300000)
  to   space 1536K, 0% used [0x00000000eb000000,0x00000000eb000000,0x00000000eb180000)
 ParOldGen       total 282112K, used 281771K [0x00000000c0000000, 0x00000000d1380000, 0x00000000eab00000)
  object space 282112K, 99% used [0x00000000c0000000,0x00000000d132ac70,0x00000000d1380000)
 Metaspace       used 60829K, committed 62016K, reserved 1114112K
  class space    used 6401K, committed 6912K, reserved 1048576K
}
Event: 58.431 GC heap after
{Heap after GC invocations=188 (full 3):
 PSYoungGen      total 6656K, used 1236K [0x00000000eab00000, 0x00000000eb300000, 0x0000000100000000)
  eden space 5120K, 0% used [0x00000000eab00000,0x00000000eab00000,0x00000000eb000000)
  from space 1536K, 80% used [0x00000000eb000000,0x00000000eb135200,0x00000000eb180000)
  to   space 1536K, 0% used [0x00000000eb180000,0x00000000eb180000,0x00000000eb300000)
 ParOldGen       total 283136K, used 282856K [0x00000000c0000000, 0x00000000d1480000, 0x00000000eab00000)
  object space 283136K, 99% used [0x00000000c0000000,0x00000000d143a050,0x00000000d1480000)
 Metaspace       used 60829K, committed 62016K, reserved 1114112K
  class space    used 6401K, committed 6912K, reserved 1048576K
}
Event: 58.469 GC heap before
{Heap before GC invocations=189 (full 3):
 PSYoungGen      total 6656K, used 6356K [0x00000000eab00000, 0x00000000eb300000, 0x0000000100000000)
  eden space 5120K, 100% used [0x00000000eab00000,0x00000000eb000000,0x00000000eb000000)
  from space 1536K, 80% used [0x00000000eb000000,0x00000000eb135200,0x00000000eb180000)
  to   space 1536K, 0% used [0x00000000eb180000,0x00000000eb180000,0x00000000eb300000)
 ParOldGen       total 283136K, used 282856K [0x00000000c0000000, 0x00000000d1480000, 0x00000000eab00000)
  object space 283136K, 99% used [0x00000000c0000000,0x00000000d143a050,0x00000000d1480000)
 Metaspace       used 60832K, committed 62016K, reserved 1114112K
  class space    used 6401K, committed 6912K, reserved 1048576K
}
Event: 58.475 GC heap after
{Heap after GC invocations=189 (full 3):
 PSYoungGen      total 6656K, used 1177K [0x00000000eab00000, 0x00000000eb300000, 0x0000000100000000)
  eden space 5120K, 0% used [0x00000000eab00000,0x00000000eab00000,0x00000000eb000000)
  from space 1536K, 76% used [0x00000000eb180000,0x00000000eb2a66c8,0x00000000eb300000)
  to   space 1536K, 0% used [0x00000000eb000000,0x00000000eb000000,0x00000000eb180000)
 ParOldGen       total 284160K, used 283929K [0x00000000c0000000, 0x00000000d1580000, 0x00000000eab00000)
  object space 284160K, 99% used [0x00000000c0000000,0x00000000d1546538,0x00000000d1580000)
 Metaspace       used 60832K, committed 62016K, reserved 1114112K
  class space    used 6401K, committed 6912K, reserved 1048576K
}
Event: 59.503 GC heap before
{Heap before GC invocations=190 (full 3):
 PSYoungGen      total 6656K, used 6297K [0x00000000eab00000, 0x00000000eb300000, 0x0000000100000000)
  eden space 5120K, 100% used [0x00000000eab00000,0x00000000eb000000,0x00000000eb000000)
  from space 1536K, 76% used [0x00000000eb180000,0x00000000eb2a66c8,0x00000000eb300000)
  to   space 1536K, 0% used [0x00000000eb000000,0x00000000eb000000,0x00000000eb180000)
 ParOldGen       total 284160K, used 283929K [0x00000000c0000000, 0x00000000d1580000, 0x00000000eab00000)
  object space 284160K, 99% used [0x00000000c0000000,0x00000000d1546538,0x00000000d1580000)
 Metaspace       used 60835K, committed 62016K, reserved 1114112K
  class space    used 6401K, committed 6912K, reserved 1048576K
}

